<?xml version="1.0" encoding="utf-8"?><testsuites name="pytest tests"><testsuite name="pytest" errors="0" failures="0" skipped="0" tests="4" time="5.891" timestamp="2026-08-21T16:21:54.408976+00:00" hostname="agent-env-54dbb07e-f58f-42a1-88cf-603bc4d911d4"><testcase classname="tests.test_cricedge_api" name="test_fixture_feed_and_predictions" time="1.402" /><testcase classname="tests.test_cricedge_api" name="test_portfolio_history_and_model" time="0.486" /><testcase classname="tests.test_cricedge_api" name="test_unknown_fixture_is_not_found" time="0.680" /><testcase classname="tests.test_cricedge_api" name="test_predictions_are_derived_from_each_fixture" time="2.837" /></testsuite></testsuites>