<?xml version="1.0" encoding="utf-8"?><testsuites name="pytest tests"><testsuite name="pytest" errors="0" failures="0" skipped="0" tests="4" time="2.258" timestamp="2026-08-21T15:58:24.577782+00:00" hostname="agent-env-54dbb07e-f58f-42a1-88cf-603bc4d911d4"><testcase classname="tests.test_cricedge_api" name="test_fixture_feed_and_predictions" time="0.416" /><testcase classname="tests.test_cricedge_api" name="test_portfolio_history_and_model" time="0.521" /><testcase classname="tests.test_cricedge_api" name="test_unknown_fixture_is_not_found" time="0.163" /><testcase classname="tests.test_cricedge_api" name="test_predictions_are_derived_from_each_fixture" time="0.703" /></testsuite></testsuites>